Grammar

    0 $accept: program $end

    1 program: statementList

    2 statementList: statementList statement
    3              | statement

    4 statement: compilerDirective literal literal
    5          | compilerDirective identifierList
    6          | compilerDirective identifierList LEFTPAREN parameterList RIGHTPAREN

    7 compilerDirective: DOTVERSION
    8                  | DOTTARGET
    9                  | DOTENTRY

   10 identifierList: identifierList IDENTIFER
   11               | IDENTIFER

   12 parameterList: parameterList parameter
   13              | parameter

   14 parameter: stateSpace opTypes IDENTIFER

   15 stateSpace: DOTPARAM

   16 opTypes: DOTU64
   17        | DOTU32
   18        | DOTU16
   19        | DOTB32
   20        | DOTF32

   21 literal: DECLITERAL


Terminals, with rules where they appear

$end (0) 0
error (256)
DOTVERSION (258) 7
DOTTARGET (259) 8
DOTENTRY (260) 9
DOTPARAM (261) 15
DOTU64 (262) 16
DOTU32 (263) 17
DOTU16 (264) 18
DOTB32 (265) 19
DOTF32 (266) 20
IDENTIFER (267) 10 11 14
DECLITERAL (268) 21
LEFTPAREN (269) 6
RIGHTPAREN (270) 6


Nonterminals, with rules where they appear

$accept (16)
    on left: 0
program (17)
    on left: 1, on right: 0
statementList (18)
    on left: 2 3, on right: 1 2
statement (19)
    on left: 4 5 6, on right: 2 3
compilerDirective (20)
    on left: 7 8 9, on right: 4 5 6
identifierList (21)
    on left: 10 11, on right: 5 6 10
parameterList (22)
    on left: 12 13, on right: 6 12
parameter (23)
    on left: 14, on right: 12 13
stateSpace (24)
    on left: 15, on right: 14
opTypes (25)
    on left: 16 17 18 19 20, on right: 14
literal (26)
    on left: 21, on right: 4


State 0

    0 $accept: . program $end
    1 program: . statementList
    2 statementList: . statementList statement
    3              | . statement
    4 statement: . compilerDirective literal literal
    5          | . compilerDirective identifierList
    6          | . compilerDirective identifierList LEFTPAREN parameterList RIGHTPAREN
    7 compilerDirective: . DOTVERSION
    8                  | . DOTTARGET
    9                  | . DOTENTRY

    DOTVERSION  shift, and go to state 1
    DOTTARGET   shift, and go to state 2
    DOTENTRY    shift, and go to state 3

    program            go to state 4
    statementList      go to state 5
    statement          go to state 6
    compilerDirective  go to state 7


State 1

    7 compilerDirective: DOTVERSION .

    $default  reduce using rule 7 (compilerDirective)


State 2

    8 compilerDirective: DOTTARGET .

    $default  reduce using rule 8 (compilerDirective)


State 3

    9 compilerDirective: DOTENTRY .

    $default  reduce using rule 9 (compilerDirective)


State 4

    0 $accept: program . $end

    $end  shift, and go to state 8


State 5

    1 program: statementList .  [$end]
    2 statementList: statementList . statement
    4 statement: . compilerDirective literal literal
    5          | . compilerDirective identifierList
    6          | . compilerDirective identifierList LEFTPAREN parameterList RIGHTPAREN
    7 compilerDirective: . DOTVERSION
    8                  | . DOTTARGET
    9                  | . DOTENTRY

    DOTVERSION  shift, and go to state 1
    DOTTARGET   shift, and go to state 2
    DOTENTRY    shift, and go to state 3

    $default  reduce using rule 1 (program)

    statement          go to state 9
    compilerDirective  go to state 7


State 6

    3 statementList: statement .

    $default  reduce using rule 3 (statementList)


State 7

    4 statement: compilerDirective . literal literal
    5          | compilerDirective . identifierList
    6          | compilerDirective . identifierList LEFTPAREN parameterList RIGHTPAREN
   10 identifierList: . identifierList IDENTIFER
   11               | . IDENTIFER
   21 literal: . DECLITERAL

    IDENTIFER   shift, and go to state 10
    DECLITERAL  shift, and go to state 11

    identifierList  go to state 12
    literal         go to state 13


State 8

    0 $accept: program $end .

    $default  accept


State 9

    2 statementList: statementList statement .

    $default  reduce using rule 2 (statementList)


State 10

   11 identifierList: IDENTIFER .

    $default  reduce using rule 11 (identifierList)


State 11

   21 literal: DECLITERAL .

    $default  reduce using rule 21 (literal)


State 12

    5 statement: compilerDirective identifierList .  [$end, DOTVERSION, DOTTARGET, DOTENTRY]
    6          | compilerDirective identifierList . LEFTPAREN parameterList RIGHTPAREN
   10 identifierList: identifierList . IDENTIFER

    IDENTIFER  shift, and go to state 14
    LEFTPAREN  shift, and go to state 15

    $default  reduce using rule 5 (statement)


State 13

    4 statement: compilerDirective literal . literal
   21 literal: . DECLITERAL

    DECLITERAL  shift, and go to state 11

    literal  go to state 16


State 14

   10 identifierList: identifierList IDENTIFER .

    $default  reduce using rule 10 (identifierList)


State 15

    6 statement: compilerDirective identifierList LEFTPAREN . parameterList RIGHTPAREN
   12 parameterList: . parameterList parameter
   13              | . parameter
   14 parameter: . stateSpace opTypes IDENTIFER
   15 stateSpace: . DOTPARAM

    DOTPARAM  shift, and go to state 17

    parameterList  go to state 18
    parameter      go to state 19
    stateSpace     go to state 20


State 16

    4 statement: compilerDirective literal literal .

    $default  reduce using rule 4 (statement)


State 17

   15 stateSpace: DOTPARAM .

    $default  reduce using rule 15 (stateSpace)


State 18

    6 statement: compilerDirective identifierList LEFTPAREN parameterList . RIGHTPAREN
   12 parameterList: parameterList . parameter
   14 parameter: . stateSpace opTypes IDENTIFER
   15 stateSpace: . DOTPARAM

    DOTPARAM    shift, and go to state 17
    RIGHTPAREN  shift, and go to state 21

    parameter   go to state 22
    stateSpace  go to state 20


State 19

   13 parameterList: parameter .

    $default  reduce using rule 13 (parameterList)


State 20

   14 parameter: stateSpace . opTypes IDENTIFER
   16 opTypes: . DOTU64
   17        | . DOTU32
   18        | . DOTU16
   19        | . DOTB32
   20        | . DOTF32

    DOTU64  shift, and go to state 23
    DOTU32  shift, and go to state 24
    DOTU16  shift, and go to state 25
    DOTB32  shift, and go to state 26
    DOTF32  shift, and go to state 27

    opTypes  go to state 28


State 21

    6 statement: compilerDirective identifierList LEFTPAREN parameterList RIGHTPAREN .

    $default  reduce using rule 6 (statement)


State 22

   12 parameterList: parameterList parameter .

    $default  reduce using rule 12 (parameterList)


State 23

   16 opTypes: DOTU64 .

    $default  reduce using rule 16 (opTypes)


State 24

   17 opTypes: DOTU32 .

    $default  reduce using rule 17 (opTypes)


State 25

   18 opTypes: DOTU16 .

    $default  reduce using rule 18 (opTypes)


State 26

   19 opTypes: DOTB32 .

    $default  reduce using rule 19 (opTypes)


State 27

   20 opTypes: DOTF32 .

    $default  reduce using rule 20 (opTypes)


State 28

   14 parameter: stateSpace opTypes . IDENTIFER

    IDENTIFER  shift, and go to state 29


State 29

   14 parameter: stateSpace opTypes IDENTIFER .

    $default  reduce using rule 14 (parameter)
